#
# There is insufficient memory for the Java Runtime Environment to continue.
# Native memory allocation (mmap) failed to map 92274688 bytes for committing reserved memory.
# Possible reasons:
#   The system is out of physical RAM or swap space
#   In 32 bit mode, the process size limit was hit
# Possible solutions:
#   Reduce memory load on the system
#   Increase physical memory or swap space
#   Check if swap backing store is full
#   Use 64 bit Java on a 64 bit OS
#   Decrease Java heap size (-Xmx/-Xms)
#   Decrease number of Java threads
#   Decrease Java thread stack sizes (-Xss)
#   Set larger code cache with -XX:ReservedCodeCacheSize=
# This output file may be truncated or incomplete.
#
#  Out of Memory Error (os_linux.cpp:2630), pid=24746, tid=0x632e5b40
#
# JRE version: OpenJDK Runtime Environment (8.0_111-b14) (build 1.8.0_111-8u111-b14-3~14.04.1-b14)
# Java VM: OpenJDK Server VM (25.111-b14 mixed mode linux-x86 )
# Failed to write core dump. Core dumps have been disabled. To enable core dumping, try "ulimit -c unlimited" before starting Java again
#

---------------  T H R E A D  ---------------

Current thread (0x62f70c00):  VMThread [stack: 0x63265000,0x632e6000] [id=24795]

Stack: [0x63265000,0x632e6000],  sp=0x632e4b30,  free space=510k
Native frames: (J=compiled Java code, j=interpreted, Vv=VM code, C=native code)
V  [libjvm.so+0x8afb16]
V  [libjvm.so+0x3ac8d7]
V  [libjvm.so+0x71c462]
V  [libjvm.so+0x716605]
V  [libjvm.so+0x787a8b]
V  [libjvm.so+0x788655]
V  [libjvm.so+0x788971]
V  [libjvm.so+0x785bf4]
V  [libjvm.so+0x7863ca]
V  [libjvm.so+0x73da29]
V  [libjvm.so+0x8b16c4]
V  [libjvm.so+0x8b60e8]
V  [libjvm.so+0x8b49d8]
V  [libjvm.so+0x8b4e4a]
V  [libjvm.so+0x8b5293]
V  [libjvm.so+0x71936a]
C  [libpthread.so.0+0x6f72]  start_thread+0xd2

VM_Operation (0x62a7d998): ParallelGCFailedAllocation, mode: safepoint, requested by thread 0x62352000


---------------  P R O C E S S  ---------------

Java Threads: ( => current thread )
  0x62360800 JavaThread "pool-1-thread-4" [_thread_blocked, id=24849, stack(0x6225e000,0x622af000)]
  0x6235f800 JavaThread "pool-1-thread-3" [_thread_blocked, id=24848, stack(0x622af000,0x62300000)]
  0x6235e400 JavaThread "pool-1-thread-2" [_thread_blocked, id=24843, stack(0x6242c000,0x6247d000)]
  0x62353000 JavaThread "pool-2-thread-1" [_thread_blocked, id=24840, stack(0x6272e000,0x6277f000)]
  0x62352000 JavaThread "pool-1-thread-1" [_thread_blocked, id=24835, stack(0x62a2e000,0x62a7f000)]
  0x62f9bc00 JavaThread "Service Thread" daemon [_thread_blocked, id=24827, stack(0x63214000,0x63265000)]
  0x62f98800 JavaThread "C1 CompilerThread3" daemon [_thread_blocked, id=24821, stack(0x624fe000,0x6257f000)]
  0x62f97000 JavaThread "C2 CompilerThread2" daemon [_thread_blocked, id=24819, stack(0x6257f000,0x62600000)]
  0x62f95800 JavaThread "C2 CompilerThread1" daemon [_thread_blocked, id=24817, stack(0x6277f000,0x62800000)]
  0x62f93c00 JavaThread "C2 CompilerThread0" daemon [_thread_blocked, id=24812, stack(0x62a7f000,0x62b00000)]
  0x62f92000 JavaThread "Signal Dispatcher" daemon [_thread_blocked, id=24807, stack(0x65e2e000,0x65e7f000)]
  0x62f78400 JavaThread "Finalizer" daemon [_thread_blocked, id=24803, stack(0x6602e000,0x6607f000)]
  0x62f75800 JavaThread "Reference Handler" daemon [_thread_blocked, id=24799, stack(0x6622e000,0x6627f000)]
  0xb6307800 JavaThread "main" [_thread_blocked, id=24761, stack(0xb64b9000,0xb650a000)]

Other Threads:
=>0x62f70c00 VMThread [stack: 0x63265000,0x632e6000] [id=24795]
  0x62fa6400 WatcherThread [stack: 0x6247d000,0x624fe000] [id=24829]

VM state:at safepoint (normal execution)

VM Mutex/Monitor currently owned by a thread:  ([mutex/lock_event])
[0xb63050b0] Threads_lock - owner thread: 0x62f70c00
[0xb63054c0] Heap_lock - owner thread: 0x62352000

Heap:
 PSYoungGen      total 69120K, used 2557K [0x918c0000, 0x95ec0000, 0xa6e00000)
  eden space 66560K, 0% used [0x918c0000,0x918c0000,0x959c0000)
  from space 2560K, 99% used [0x959c0000,0x95c3f5f0,0x95c40000)
  to   space 2560K, 0% used [0x95c40000,0x95c40000,0x95ec0000)
 ParOldGen       total 43776K, used 22894K [0x66e00000, 0x698c0000, 0x918c0000)
  object space 43776K, 52% used [0x66e00000,0x6845bba0,0x698c0000)
 Metaspace       used 4012K, capacity 4070K, committed 4120K, reserved 4400K

Card table byte_map: [0x66bff000,0x66e00000] byte_map_base: 0x668c8000

Marking Bits: (ParMarkBitMap*) 0xb7185880
 Begin Bits: [0x63d00000, 0x64d00000)
 End Bits:   [0x64d00000, 0x65d00000)

Polling page: 0xb7790000

CodeCache: size=245760Kb used=6011Kb max_used=6011Kb free=239748Kb
 bounds [0xa7300000, 0xa78e8000, 0xb6300000]
 total_blobs=1952 nmethods=1792 adapters=74
 compilation: enabled

Compilation events (10 events):
Event: 17.663 Thread 0x62f98800 nmethod 2074 0xa78dea08 code [0xa78deb20, 0xa78dec40]
Event: 17.663 Thread 0x62f98800 2067       2       com.android.dx.dex.cf.OptimizerOptions::loadOptimizeLists (52 bytes)
Event: 17.663 Thread 0x62f98800 nmethod 2067 0xa78ded08 code [0xa78dee40, 0xa78df004]
Event: 17.663 Thread 0x62f98800 2084   !   3       com.android.dx.cf.code.Simulator::simulate (74 bytes)
Event: 17.664 Thread 0x62f98800 nmethod 2084 0xa78df108 code [0xa78df2a0, 0xa78df990]
Event: 17.664 Thread 0x62f98800 2068       2       com.android.dx.dex.file.ClassDefItem::<init> (110 bytes)
Event: 17.665 Thread 0x62f98800 nmethod 2068 0xa78dfdc8 code [0xa78dff80, 0xa78e03f4]
Event: 17.665 Thread 0x62f98800 2069   !   2       com.android.dx.dex.cf.AttributeTranslator::getClassAnnotations (135 bytes)
Event: 17.667 Thread 0x62f98800 nmethod 2069 0xa78e06c8 code [0xa78e09a0, 0xa78e13f4]
Event: 17.667 Thread 0x62f98800 2066       2       com.android.dx.dex.file.ClassDefItem::addMethodAnnotations (11 bytes)

GC Heap History (9 events):
Event: 1.646 GC heap before
{Heap before GC invocations=1 (full 0):
 PSYoungGen      total 19200K, used 16640K [0x918c0000, 0x92e00000, 0xa6e00000)
  eden space 16640K, 100% used [0x918c0000,0x92900000,0x92900000)
  from space 2560K, 0% used [0x92b80000,0x92b80000,0x92e00000)
  to   space 2560K, 0% used [0x92900000,0x92900000,0x92b80000)
 ParOldGen       total 43776K, used 0K [0x66e00000, 0x698c0000, 0x918c0000)
  object space 43776K, 0% used [0x66e00000,0x66e00000,0x698c0000)
 Metaspace       used 3466K, capacity 3526K, committed 3608K, reserved 4400K
Event: 1.684 GC heap after
Heap after GC invocations=1 (full 0):
 PSYoungGen      total 19200K, used 2558K [0x918c0000, 0x93e40000, 0xa6e00000)
  eden space 16640K, 0% used [0x918c0000,0x918c0000,0x92900000)
  from space 2560K, 99% used [0x92900000,0x92b7fb38,0x92b80000)
  to   space 2560K, 0% used [0x93bc0000,0x93bc0000,0x93e40000)
 ParOldGen       total 43776K, used 287K [0x66e00000, 0x698c0000, 0x918c0000)
  object space 43776K, 0% used [0x66e00000,0x66e47e38,0x698c0000)
 Metaspace       used 3466K, capacity 3526K, committed 3608K, reserved 4400K
}
Event: 2.287 GC heap before
{Heap before GC invocations=2 (full 0):
 PSYoungGen      total 19200K, used 19198K [0x918c0000, 0x93e40000, 0xa6e00000)
  eden space 16640K, 100% used [0x918c0000,0x92900000,0x92900000)
  from space 2560K, 99% used [0x92900000,0x92b7fb38,0x92b80000)
  to   space 2560K, 0% used [0x93bc0000,0x93bc0000,0x93e40000)
 ParOldGen       total 43776K, used 287K [0x66e00000, 0x698c0000, 0x918c0000)
  object space 43776K, 0% used [0x66e00000,0x66e47e38,0x698c0000)
 Metaspace       used 3776K, capacity 3782K, committed 3864K, reserved 4400K
Event: 2.313 GC heap after
Heap after GC invocations=2 (full 0):
 PSYoungGen      total 35840K, used 2555K [0x918c0000, 0x93e40000, 0xa6e00000)
  eden space 33280K, 0% used [0x918c0000,0x918c0000,0x93940000)
  from space 2560K, 99% used [0x93bc0000,0x93e3efa8,0x93e40000)
  to   space 2560K, 0% used [0x93940000,0x93940000,0x93bc0000)
 ParOldGen       total 43776K, used 1842K [0x66e00000, 0x698c0000, 0x918c0000)
  object space 43776K, 4% used [0x66e00000,0x66fcc990,0x698c0000)
 Metaspace       used 3776K, capacity 3782K, committed 3864K, reserved 4400K
}
Event: 2.853 GC heap before
{Heap before GC invocations=3 (full 0):
 PSYoungGen      total 35840K, used 35835K [0x918c0000, 0x93e40000, 0xa6e00000)
  eden space 33280K, 100% used [0x918c0000,0x93940000,0x93940000)
  from space 2560K, 99% used [0x93bc0000,0x93e3efa8,0x93e40000)
  to   space 2560K, 0% used [0x93940000,0x93940000,0x93bc0000)
 ParOldGen       total 43776K, used 1842K [0x66e00000, 0x698c0000, 0x918c0000)
  object space 43776K, 4% used [0x66e00000,0x66fcc990,0x698c0000)
 Metaspace       used 3814K, capacity 3846K, committed 3864K, reserved 4400K
Event: 2.900 GC heap after
Heap after GC invocations=3 (full 0):
 PSYoungGen      total 35840K, used 2548K [0x918c0000, 0x95ec0000, 0xa6e00000)
  eden space 33280K, 0% used [0x918c0000,0x918c0000,0x93940000)
  from space 2560K, 99% used [0x93940000,0x93bbd160,0x93bc0000)
  to   space 2560K, 0% used [0x95c40000,0x95c40000,0x95ec0000)
 ParOldGen       total 43776K, used 6946K [0x66e00000, 0x698c0000, 0x918c0000)
  object space 43776K, 15% used [0x66e00000,0x674c8a28,0x698c0000)
 Metaspace       used 3814K, capacity 3846K, committed 3864K, reserved 4400K
}
Event: 4.035 GC heap before
{Heap before GC invocations=4 (full 0):
 PSYoungGen      total 35840K, used 35828K [0x918c0000, 0x95ec0000, 0xa6e00000)
  eden space 33280K, 100% used [0x918c0000,0x93940000,0x93940000)
  from space 2560K, 99% used [0x93940000,0x93bbd160,0x93bc0000)
  to   space 2560K, 0% used [0x95c40000,0x95c40000,0x95ec0000)
 ParOldGen       total 43776K, used 6946K [0x66e00000, 0x698c0000, 0x918c0000)
  object space 43776K, 15% used [0x66e00000,0x674c8a28,0x698c0000)
 Metaspace       used 3946K, capacity 3974K, committed 3992K, reserved 4400K
Event: 4.088 GC heap after
Heap after GC invocations=4 (full 0):
 PSYoungGen      total 69120K, used 2545K [0x918c0000, 0x95ec0000, 0xa6e00000)
  eden space 66560K, 0% used [0x918c0000,0x918c0000,0x959c0000)
  from space 2560K, 99% used [0x95c40000,0x95ebc730,0x95ec0000)
  to   space 2560K, 0% used [0x959c0000,0x959c0000,0x95c40000)
 ParOldGen       total 43776K, used 12731K [0x66e00000, 0x698c0000, 0x918c0000)
  object space 43776K, 29% used [0x66e00000,0x67a6ef58,0x698c0000)
 Metaspace       used 3946K, capacity 3974K, committed 3992K, reserved 4400K
}
Event: 17.667 GC heap before
{Heap before GC invocations=5 (full 0):
 PSYoungGen      total 69120K, used 69105K [0x918c0000, 0x95ec0000, 0xa6e00000)
  eden space 66560K, 100% used [0x918c0000,0x959c0000,0x959c0000)
  from space 2560K, 99% used [0x95c40000,0x95ebc730,0x95ec0000)
  to   space 2560K, 0% used [0x959c0000,0x959c0000,0x95c40000)
 ParOldGen       total 43776K, used 12731K [0x66e00000, 0x698c0000, 0x918c0000)
  object space 43776K, 29% used [0x66e00000,0x67a6ef58,0x698c0000)
 Metaspace       used 4012K, capacity 4070K, committed 4120K, reserved 4400K

Deoptimization events (10 events):
Event: 3.868 Thread 0x62360800 Uncommon trap: reason=bimorphic action=maybe_recompile pc=0xa771d4d0 method=com.android.dx.cf.code.BytecodeArray.parseInstruction(ILcom/android/dx/cf/code/BytecodeArray$Visitor;)I @ 1501
Event: 3.869 Thread 0x62360800 Uncommon trap: reason=bimorphic action=maybe_recompile pc=0xa771d4d0 method=com.android.dx.cf.code.BytecodeArray.parseInstruction(ILcom/android/dx/cf/code/BytecodeArray$Visitor;)I @ 1501
Event: 3.870 Thread 0x62360800 Uncommon trap: reason=bimorphic action=maybe_recompile pc=0xa771d4d0 method=com.android.dx.cf.code.BytecodeArray.parseInstruction(ILcom/android/dx/cf/code/BytecodeArray$Visitor;)I @ 1501
Event: 3.871 Thread 0x62360800 Uncommon trap: reason=bimorphic action=maybe_recompile pc=0xa771d4d0 method=com.android.dx.cf.code.BytecodeArray.parseInstruction(ILcom/android/dx/cf/code/BytecodeArray$Visitor;)I @ 1501
Event: 3.876 Thread 0x6235f800 Uncommon trap: reason=unstable_if action=reinterpret pc=0xa76646d0 method=com.android.dx.ssa.SCCP.simulateStmt(Lcom/android/dx/ssa/SsaInsn;)V @ 53
Event: 4.098 Thread 0x6235e400 Uncommon trap: reason=bimorphic action=maybe_recompile pc=0xa7567770 method=java.util.HashMap.getNode(ILjava/lang/Object;)Ljava/util/HashMap$Node; @ 126
Event: 4.181 Thread 0x6235e400 Uncommon trap: reason=bimorphic action=maybe_recompile pc=0xa7567770 method=java.util.HashMap.getNode(ILjava/lang/Object;)Ljava/util/HashMap$Node; @ 126
Event: 17.406 Thread 0xb6307800 Uncommon trap: reason=unloaded action=reinterpret pc=0xa77d460c method=com.android.dx.cf.cst.ConstantPoolParser.parse0(ILjava/util/BitSet;)Lcom/android/dx/rop/cst/Constant; @ 220
Event: 17.631 Thread 0x6235f800 Uncommon trap: reason=unstable_if action=reinterpret pc=0xa7676a3c method=java.util.HashMap.putVal(ILjava/lang/Object;Ljava/lang/Object;ZZ)Ljava/lang/Object; @ 162
Event: 17.631 Thread 0x6235f800 Uncommon trap: reason=unstable_if action=reinterpret pc=0xa756f05c method=java.util.HashMap.getNode(ILjava/lang/Object;)Ljava/util/HashMap$Node; @ 84

Internal exceptions (8 events):
Event: 0.401 Thread 0xb6307800 Exception <a 'java/lang/NoSuchMethodError': Method sun.misc.Unsafe.defineClass(Ljava/lang/String;[BII)Ljava/lang/Class; name or signature does not match> (0x918c6e60) thrown at [/build/openjdk-8-W01nAQ/openjdk-8-8u111-b14/src/hotspot/src/share/vm/prims/jn
Event: 0.401 Thread 0xb6307800 Exception <a 'java/lang/NoSuchMethodError': Method sun.misc.Unsafe.prefetchRead(Ljava/lang/Object;J)V name or signature does not match> (0x918c7130) thrown at [/build/openjdk-8-W01nAQ/openjdk-8-8u111-b14/src/hotspot/src/share/vm/prims/jni.cpp, line 4011]
Event: 0.632 Thread 0xb6307800 Exception <a 'java/util/zip/ZipException'> (0x9190a2c0) thrown at [/build/openjdk-8-W01nAQ/openjdk-8-8u111-b14/src/hotspot/src/share/vm/prims/jni.cpp, line 709]
Event: 0.632 Thread 0xb6307800 Exception <a 'java/security/PrivilegedActionException'> (0x9190a540) thrown at [/build/openjdk-8-W01nAQ/openjdk-8-8u111-b14/src/hotspot/src/share/vm/prims/jvm.cpp, line 1386]
Event: 0.632 Thread 0xb6307800 Exception <a 'java/security/PrivilegedActionException'> (0x9190a740) thrown at [/build/openjdk-8-W01nAQ/openjdk-8-8u111-b14/src/hotspot/src/share/vm/prims/jvm.cpp, line 1386]
Event: 2.538 Thread 0x62360800 Implicit null exception at 0xa75382f7 to 0xa7539f15
Event: 2.538 Thread 0x62360800 Implicit null exception at 0xa753f72e to 0xa75413e9
Event: 2.749 Thread 0x62360800 Implicit null exception at 0xa74c476b to 0xa74c4842

Events (10 events):
Event: 17.649 Thread 0x6235e400 DEOPT UNPACKING pc=0xa733c5d0 sp=0x6247b94c mode 0
Event: 17.652 Thread 0x62352000 DEOPT PACKING pc=0xa75ee51e sp=0x62a7dbc0
Event: 17.652 Thread 0x62352000 DEOPT UNPACKING pc=0xa733c5d0 sp=0x62a7da30 mode 0
Event: 17.652 Thread 0x62360800 DEOPT PACKING pc=0xa76a0580 sp=0x622ad990
Event: 17.652 Thread 0x62360800 DEOPT UNPACKING pc=0xa733c5d0 sp=0x622ad818 mode 0
Event: 17.654 Thread 0x6235f800 DEOPT PACKING pc=0xa7746a94 sp=0x622feac0
Event: 17.654 Thread 0x6235f800 DEOPT UNPACKING pc=0xa733c5d0 sp=0x622fe9d8 mode 0
Event: 17.663 Thread 0x62352000 DEOPT PACKING pc=0xa75603e2 sp=0x62a7d980
Event: 17.663 Thread 0x62352000 DEOPT UNPACKING pc=0xa733c5d0 sp=0x62a7d83c mode 0
Event: 17.667 Executing VM operation: ParallelGCFailedAllocation


Dynamic libraries:
08048000-08049000 r-xp 00000000 08:07 13904074   /usr/lib/jvm/java-8-openjdk-i386/jre/bin/java
08049000-0804a000 r--p 00000000 08:07 13904074   /usr/lib/jvm/java-8-openjdk-i386/jre/bin/java
0804a000-0804b000 rw-p 00001000 08:07 13904074   /usr/lib/jvm/java-8-openjdk-i386/jre/bin/java
080f4000-085fe000 rw-p 00000000 00:00 0          [heap]
61000000-610d5000 rw-p 00000000 00:00 0 
610d5000-61100000 ---p 00000000 00:00 0 
61200000-612fc000 rw-p 00000000 00:00 0 
612fc000-61300000 ---p 00000000 00:00 0 
61600000-616fe000 rw-p 00000000 00:00 0 
616fe000-61700000 ---p 00000000 00:00 0 
61800000-618fc000 rw-p 00000000 00:00 0 
618fc000-61900000 ---p 00000000 00:00 0 
61900000-619f9000 rw-p 00000000 00:00 0 
619f9000-61a00000 ---p 00000000 00:00 0 
61a00000-61aff000 rw-p 00000000 00:00 0 
61aff000-61b00000 ---p 00000000 00:00 0 
61b00000-61bfb000 rw-p 00000000 00:00 0 
61bfb000-61c00000 ---p 00000000 00:00 0 
61c00000-61cff000 rw-p 00000000 00:00 0 
61cff000-61d00000 ---p 00000000 00:00 0 
61d00000-61dfe000 rw-p 00000000 00:00 0 
61dfe000-61e00000 ---p 00000000 00:00 0 
61e00000-61ef3000 rw-p 00000000 00:00 0 
61ef3000-61f00000 ---p 00000000 00:00 0 
61f00000-61ffe000 rw-p 00000000 00:00 0 
61ffe000-62000000 ---p 00000000 00:00 0 
62000000-620fd000 rw-p 00000000 00:00 0 
620fd000-62100000 ---p 00000000 00:00 0 
62100000-621fe000 rw-p 00000000 00:00 0 
621fe000-62200000 ---p 00000000 00:00 0 
6225e000-62261000 ---p 00000000 00:00 0 
62261000-622af000 rw-p 00000000 00:00 0 
622af000-622b2000 ---p 00000000 00:00 0 
622b2000-62300000 rw-p 00000000 00:00 0 
62300000-6237c000 rw-p 00000000 00:00 0 
6237c000-62400000 ---p 00000000 00:00 0 
6242c000-6242f000 ---p 00000000 00:00 0 
6242f000-6247d000 rw-p 00000000 00:00 0 
6247d000-6247e000 ---p 00000000 00:00 0 
6247e000-624fe000 rw-p 00000000 00:00 0 
624fe000-62501000 ---p 00000000 00:00 0 
62501000-6257f000 rw-p 00000000 00:00 0 
6257f000-62582000 ---p 00000000 00:00 0 
62582000-62600000 rw-p 00000000 00:00 0 
62600000-626f9000 rw-p 00000000 00:00 0 
626f9000-62700000 ---p 00000000 00:00 0 
6272e000-62731000 ---p 00000000 00:00 0 
62731000-6277f000 rw-p 00000000 00:00 0 
6277f000-62782000 ---p 00000000 00:00 0 
62782000-62800000 rw-p 00000000 00:00 0 
62800000-628fe000 rw-p 00000000 00:00 0 
628fe000-62900000 ---p 00000000 00:00 0 
62900000-62921000 rw-p 00000000 00:00 0 
62921000-62a00000 ---p 00000000 00:00 0 
62a2e000-62a31000 ---p 00000000 00:00 0 
62a31000-62a7f000 rw-p 00000000 00:00 0 
62a7f000-62a82000 ---p 00000000 00:00 0 
62a82000-62b00000 rw-p 00000000 00:00 0 
62b00000-62d00000 r--p 00000000 08:07 13639827   /usr/lib/locale/locale-archive
62d00000-62d21000 rw-p 00000000 00:00 0 
62d21000-62e00000 ---p 00000000 00:00 0 
62e00000-62e21000 rw-p 00000000 00:00 0 
62e21000-62f00000 ---p 00000000 00:00 0 
62f00000-62fff000 rw-p 00000000 00:00 0 
62fff000-63000000 ---p 00000000 00:00 0 
63000000-63028000 rw-p 00000000 00:00 0 
63028000-63100000 ---p 00000000 00:00 0 
63100000-631f9000 rw-p 00000000 00:00 0 
631f9000-63200000 ---p 00000000 00:00 0 
63214000-63217000 ---p 00000000 00:00 0 
63217000-63265000 rw-p 00000000 00:00 0 
63265000-63266000 ---p 00000000 00:00 0 
63266000-632e6000 rw-p 00000000 00:00 0 
632e6000-634b4000 r--s 03bf1000 08:07 13764489   /usr/lib/jvm/java-8-openjdk-i386/jre/lib/rt.jar
634b4000-638ba000 rw-p 00000000 00:00 0 
638ba000-63900000 ---p 00000000 00:00 0 
63900000-65d00000 rw-p 00000000 00:00 0 
65d00000-65d21000 rw-p 00000000 00:00 0 
65d21000-65e00000 ---p 00000000 00:00 0 
65e2e000-65e31000 ---p 00000000 00:00 0 
65e31000-65e7f000 rw-p 00000000 00:00 0 
65e7f000-65e80000 ---p 00000000 00:00 0 
65e80000-65f00000 rw-p 00000000 00:00 0 
65f00000-65f21000 rw-p 00000000 00:00 0 
65f21000-66000000 ---p 00000000 00:00 0 
6602e000-66031000 ---p 00000000 00:00 0 
66031000-6607f000 rw-p 00000000 00:00 0 
6607f000-66080000 ---p 00000000 00:00 0 
66080000-66100000 rw-p 00000000 00:00 0 
66100000-66121000 rw-p 00000000 00:00 0 
66121000-66200000 ---p 00000000 00:00 0 
6622e000-66231000 ---p 00000000 00:00 0 
66231000-6627f000 rw-p 00000000 00:00 0 
6627f000-66280000 ---p 00000000 00:00 0 
66280000-66300000 rw-p 00000000 00:00 0 
66300000-66321000 rw-p 00000000 00:00 0 
66321000-66400000 ---p 00000000 00:00 0 
66432000-6647f000 rw-p 00000000 00:00 0 
6647f000-66480000 ---p 00000000 00:00 0 
66480000-66500000 rw-p 00000000 00:00 0 
66500000-66521000 rw-p 00000000 00:00 0 
66521000-66600000 ---p 00000000 00:00 0 
66624000-6667f000 rw-p 00000000 00:00 0 
6667f000-66680000 ---p 00000000 00:00 0 
66680000-66700000 rw-p 00000000 00:00 0 
66700000-66721000 rw-p 00000000 00:00 0 
66721000-66800000 ---p 00000000 00:00 0 
66800000-66821000 rw-p 00000000 00:00 0 
66821000-66900000 ---p 00000000 00:00 0 
66900000-66921000 rw-p 00000000 00:00 0 
66921000-66a00000 ---p 00000000 00:00 0 
66a19000-66a28000 r--s 0006e000 00:1c 10884705   /home/azali/Brogramming/react/Parked/android/app/build/intermediates/exploded-aar/com.android.support/support-compat/25.0.0/jars/classes.jar
66a28000-66a29000 ---p 00000000 00:00 0 
66a29000-66abf000 rw-p 00000000 00:00 0 
66abf000-66bff000 ---p 00000000 00:00 0 
66bff000-66c15000 rw-p 00000000 00:00 0 
66c15000-66d54000 ---p 00000000 00:00 0 
66d54000-66d78000 rw-p 00000000 00:00 0 
66d78000-66dff000 ---p 00000000 00:00 0 
66dff000-698c0000 rw-p 00000000 00:00 0 
698c0000-918c0000 ---p 00000000 00:00 0 
918c0000-95ec0000 rw-p 00000000 00:00 0 
9b6c0000-a6e00000 ---p 00000000 00:00 0 
a6e04000-a6e06000 rw-p 00000000 00:00 0 
a6e06000-a6e15000 r--s 000df000 00:1c 11937778   /home/azali/Android/Sdk/build-tools/23.0.2/lib/dx.jar
a6e15000-a6e17000 r--s 00008000 08:07 13764445   /usr/lib/jvm/java-8-openjdk-i386/jre/lib/ext/sunec.jar
a6e17000-a6e19000 r--s 00006000 08:07 14036642   /usr/share/java/java-atk-wrapper.jar
a6e19000-a6e23000 r--s 00116000 08:07 13764440   /usr/lib/jvm/java-8-openjdk-i386/jre/lib/ext/localedata.jar
a6e23000-a6e3e000 r--s 001d5000 08:07 13764443   /usr/lib/jvm/java-8-openjdk-i386/jre/lib/ext/nashorn.jar
a6e3e000-a6e3f000 ---p 00000000 00:00 0 
a6e3f000-a6ebf000 rw-p 00000000 00:00 0 
a6ebf000-a6ec0000 ---p 00000000 00:00 0 
a6ec0000-a6f58000 rw-p 00000000 00:00 0 
a6f58000-a7300000 ---p 00000000 00:00 0 
a7300000-a78e8000 rwxp 00000000 00:00 0 
a78e8000-b6300000 ---p 00000000 00:00 0 
b6300000-b63f8000 rw-p 00000000 00:00 0 
b63f8000-b6400000 ---p 00000000 00:00 0 
b6400000-b6401000 r--s 0000a000 08:07 13764444   /usr/lib/jvm/java-8-openjdk-i386/jre/lib/ext/jaccess.jar
b6401000-b6405000 r--s 00037000 08:07 13764441   /usr/lib/jvm/java-8-openjdk-i386/jre/lib/ext/sunpkcs11.jar
b6405000-b6420000 r--s 00394000 08:07 13764447   /usr/lib/jvm/java-8-openjdk-i386/jre/lib/ext/cldrdata.jar
b6420000-b6438000 rw-p 00000000 00:00 0 
b6438000-b6442000 r-xp 00000000 08:07 20714595   /lib/i386-linux-gnu/libnss_files-2.19.so
b6442000-b6443000 r--p 00009000 08:07 20714595   /lib/i386-linux-gnu/libnss_files-2.19.so
b6443000-b6444000 rw-p 0000a000 08:07 20714595   /lib/i386-linux-gnu/libnss_files-2.19.so
b6444000-b644e000 r-xp 00000000 08:07 20714580   /lib/i386-linux-gnu/libnss_nis-2.19.so
b644e000-b644f000 r--p 00009000 08:07 20714580   /lib/i386-linux-gnu/libnss_nis-2.19.so
b644f000-b6450000 rw-p 0000a000 08:07 20714580   /lib/i386-linux-gnu/libnss_nis-2.19.so
b6450000-b6465000 r-xp 00000000 08:07 20714589   /lib/i386-linux-gnu/libnsl-2.19.so
b6465000-b6466000 r--p 00015000 08:07 20714589   /lib/i386-linux-gnu/libnsl-2.19.so
b6466000-b6467000 rw-p 00016000 08:07 20714589   /lib/i386-linux-gnu/libnsl-2.19.so
b6467000-b6469000 rw-p 00000000 00:00 0 
b6469000-b646c000 r--s 0000f000 08:07 13764446   /usr/lib/jvm/java-8-openjdk-i386/jre/lib/ext/icedtea-sound.jar
b646c000-b646e000 r--s 00001000 08:07 13764442   /usr/lib/jvm/java-8-openjdk-i386/jre/lib/ext/dnsns.jar
b646e000-b6473000 r--s 0003b000 08:07 13764449   /usr/lib/jvm/java-8-openjdk-i386/jre/lib/ext/sunjce_provider.jar
b6473000-b647c000 r-xp 00000000 08:07 13764466   /usr/lib/jvm/java-8-openjdk-i386/jre/lib/i386/libzip.so
b647c000-b647d000 r--p 00008000 08:07 13764466   /usr/lib/jvm/java-8-openjdk-i386/jre/lib/i386/libzip.so
b647d000-b647e000 rw-p 00009000 08:07 13764466   /usr/lib/jvm/java-8-openjdk-i386/jre/lib/i386/libzip.so
b647e000-b6486000 rw-s 00000000 08:07 4724464    /tmp/hsperfdata_azali/24746
b6486000-b64ae000 r-xp 00000000 08:07 13764478   /usr/lib/jvm/java-8-openjdk-i386/jre/lib/i386/libjava.so
b64ae000-b64af000 r--p 00027000 08:07 13764478   /usr/lib/jvm/java-8-openjdk-i386/jre/lib/i386/libjava.so
b64af000-b64b0000 rw-p 00028000 08:07 13764478   /usr/lib/jvm/java-8-openjdk-i386/jre/lib/i386/libjava.so
b64b0000-b64b7000 r-xp 00000000 08:07 20714577   /lib/i386-linux-gnu/librt-2.19.so
b64b7000-b64b8000 r--p 00006000 08:07 20714577   /lib/i386-linux-gnu/librt-2.19.so
b64b8000-b64b9000 rw-p 00007000 08:07 20714577   /lib/i386-linux-gnu/librt-2.19.so
b64b9000-b64bc000 ---p 00000000 00:00 0 
b64bc000-b650a000 rw-p 00000000 00:00 0 
b650a000-b6526000 r-xp 00000000 08:07 20710541   /lib/i386-linux-gnu/libgcc_s.so.1
b6526000-b6527000 rw-p 0001b000 08:07 20710541   /lib/i386-linux-gnu/libgcc_s.so.1
b6527000-b656b000 r-xp 00000000 08:07 20714590   /lib/i386-linux-gnu/libm-2.19.so
b656b000-b656c000 r--p 00043000 08:07 20714590   /lib/i386-linux-gnu/libm-2.19.so
b656c000-b656d000 rw-p 00044000 08:07 20714590   /lib/i386-linux-gnu/libm-2.19.so
b656d000-b6649000 r-xp 00000000 08:07 13631511   /usr/lib/i386-linux-gnu/libstdc++.so.6.0.19
b6649000-b664d000 r--p 000dc000 08:07 13631511   /usr/lib/i386-linux-gnu/libstdc++.so.6.0.19
b664d000-b664e000 rw-p 000e0000 08:07 13631511   /usr/lib/i386-linux-gnu/libstdc++.so.6.0.19
b664e000-b6655000 rw-p 00000000 00:00 0 
b6655000-b7114000 r-xp 00000000 08:07 13902934   /usr/lib/jvm/java-8-openjdk-i386/jre/lib/i386/server/libjvm.so
b7114000-b7160000 r--p 00abe000 08:07 13902934   /usr/lib/jvm/java-8-openjdk-i386/jre/lib/i386/server/libjvm.so
b7160000-b7177000 rw-p 00b0a000 08:07 13902934   /usr/lib/jvm/java-8-openjdk-i386/jre/lib/i386/server/libjvm.so
b7177000-b7598000 rw-p 00000000 00:00 0 
b7598000-b75b0000 r-xp 00000000 08:07 20714597   /lib/i386-linux-gnu/libpthread-2.19.so
b75b0000-b75b1000 r--p 00018000 08:07 20714597   /lib/i386-linux-gnu/libpthread-2.19.so
b75b1000-b75b2000 rw-p 00019000 08:07 20714597   /lib/i386-linux-gnu/libpthread-2.19.so
b75b2000-b75b4000 rw-p 00000000 00:00 0 
b75b4000-b75b7000 r-xp 00000000 08:07 20714596   /lib/i386-linux-gnu/libdl-2.19.so
b75b7000-b75b8000 r--p 00002000 08:07 20714596   /lib/i386-linux-gnu/libdl-2.19.so
b75b8000-b75b9000 rw-p 00003000 08:07 20714596   /lib/i386-linux-gnu/libdl-2.19.so
b75b9000-b75d1000 r-xp 00000000 08:07 20710677   /lib/i386-linux-gnu/libz.so.1.2.8
b75d1000-b75d2000 r--p 00017000 08:07 20710677   /lib/i386-linux-gnu/libz.so.1.2.8
b75d2000-b75d3000 rw-p 00018000 08:07 20710677   /lib/i386-linux-gnu/libz.so.1.2.8
b75d3000-b75d4000 rw-p 00000000 00:00 0 
b75d4000-b777e000 r-xp 00000000 08:07 20714586   /lib/i386-linux-gnu/libc-2.19.so
b777e000-b7780000 r--p 001aa000 08:07 20714586   /lib/i386-linux-gnu/libc-2.19.so
b7780000-b7781000 rw-p 001ac000 08:07 20714586   /lib/i386-linux-gnu/libc-2.19.so
b7781000-b7784000 rw-p 00000000 00:00 0 
b7784000-b7785000 r--s 00010000 08:07 13764448   /usr/lib/jvm/java-8-openjdk-i386/jre/lib/ext/zipfs.jar
b7785000-b7786000 r--p 00855000 08:07 13639827   /usr/lib/locale/locale-archive
b7786000-b778d000 r-xp 00000000 08:07 20714587   /lib/i386-linux-gnu/libnss_compat-2.19.so
b778d000-b778e000 r--p 00006000 08:07 20714587   /lib/i386-linux-gnu/libnss_compat-2.19.so
b778e000-b778f000 rw-p 00007000 08:07 20714587   /lib/i386-linux-gnu/libnss_compat-2.19.so
b778f000-b7790000 rw-p 00000000 00:00 0 
b7790000-b7791000 ---p 00000000 00:00 0 
b7791000-b779f000 r-xp 00000000 08:07 13764459   /usr/lib/jvm/java-8-openjdk-i386/jre/lib/i386/libverify.so
b779f000-b77a0000 r--p 0000d000 08:07 13764459   /usr/lib/jvm/java-8-openjdk-i386/jre/lib/i386/libverify.so
b77a0000-b77a1000 rw-p 0000e000 08:07 13764459   /usr/lib/jvm/java-8-openjdk-i386/jre/lib/i386/libverify.so
b77a1000-b77ae000 r-xp 00000000 08:07 13902937   /usr/lib/jvm/java-8-openjdk-i386/jre/lib/i386/jli/libjli.so
b77ae000-b77af000 r--p 0000c000 08:07 13902937   /usr/lib/jvm/java-8-openjdk-i386/jre/lib/i386/jli/libjli.so
b77af000-b77b0000 rw-p 0000d000 08:07 13902937   /usr/lib/jvm/java-8-openjdk-i386/jre/lib/i386/jli/libjli.so
b77b0000-b77b2000 rw-p 00000000 00:00 0 
b77b2000-b77b4000 r--p 00000000 00:00 0          [vvar]
b77b4000-b77b6000 r-xp 00000000 00:00 0          [vdso]
b77b6000-b77d6000 r-xp 00000000 08:07 20714594   /lib/i386-linux-gnu/ld-2.19.so
b77d6000-b77d7000 r--p 0001f000 08:07 20714594   /lib/i386-linux-gnu/ld-2.19.so
b77d7000-b77d8000 rw-p 00020000 08:07 20714594   /lib/i386-linux-gnu/ld-2.19.so
bfa16000-bfa17000 rwxp 00000000 00:00 0 
bfa48000-bfa6a000 rw-p 00000000 00:00 0          [stack]

VM Arguments:
jvm_args: -Djava.awt.headless=true -Xmx1024M -Dfile.encoding=UTF-8 -Duser.country=US -Duser.language=en -Duser.variant 
java_command: com.android.dx.command.Main --dex --num-threads=4 --output /home/azali/Brogramming/react/Parked/android/app/build/intermediates/pre-dexed/debug/com.android.support-support-compat-25.0.0_f1b0434f12bd97721922cf238824c4ac694ebb34.jar /home/azali/Brogramming/react/Parked/android/app/build/intermediates/exploded-aar/com.android.support/support-compat/25.0.0/jars/classes.jar
java_class_path (initial): /home/azali/Android/Sdk/build-tools/23.0.2/lib/dx.jar
Launcher Type: SUN_STANDARD

Environment Variables:
JAVA_HOME=/usr/lib/jvm/java-1.8.0-openjdk-i386
PATH=/home/azali/.linuxbrew/bin:/home/azali/.rvm/gems/ruby-1.9.3-p551/bin:/home/azali/.rvm/gems/ruby-1.9.3-p551@global/bin:/home/azali/.rvm/rubies/ruby-1.9.3-p551/bin:/home/azali/.linuxbrew/bin:/usr/local/sbin:/usr/local/bin:/usr/sbin:/usr/bin:/sbin:/bin:/usr/games:/usr/local/games:/home/azali/.rvm/bin:/home/azali/.rvm/bin
USERNAME=azali
SHELL=/bin/bash
DISPLAY=:0

Signal Handlers:
SIGSEGV: [libjvm.so+0x8b0690], sa_mask[0]=11111111011111111101111111111110, sa_flags=SA_RESTART|SA_SIGINFO
SIGBUS: [libjvm.so+0x8b0690], sa_mask[0]=11111111011111111101111111111110, sa_flags=SA_RESTART|SA_SIGINFO
SIGFPE: [libjvm.so+0x7179a0], sa_mask[0]=11111111011111111101111111111110, sa_flags=SA_RESTART|SA_SIGINFO
SIGPIPE: [libjvm.so+0x7179a0], sa_mask[0]=11111111011111111101111111111110, sa_flags=SA_RESTART|SA_SIGINFO
SIGXFSZ: [libjvm.so+0x7179a0], sa_mask[0]=11111111011111111101111111111110, sa_flags=SA_RESTART|SA_SIGINFO
SIGILL: [libjvm.so+0x7179a0], sa_mask[0]=11111111011111111101111111111110, sa_flags=SA_RESTART|SA_SIGINFO
SIGUSR1: SIG_DFL, sa_mask[0]=00000000000000000000000000000000, sa_flags=none
SIGUSR2: [libjvm.so+0x7177e0], sa_mask[0]=00100000000000000000000000000000, sa_flags=SA_RESTART|SA_SIGINFO
SIGHUP: [libjvm.so+0x717a70], sa_mask[0]=11111111011111111101111111111110, sa_flags=SA_RESTART|SA_SIGINFO
SIGINT: [libjvm.so+0x717a70], sa_mask[0]=11111111011111111101111111111110, sa_flags=SA_RESTART|SA_SIGINFO
SIGTERM: [libjvm.so+0x717a70], sa_mask[0]=11111111011111111101111111111110, sa_flags=SA_RESTART|SA_SIGINFO
SIGQUIT: [libjvm.so+0x717a70], sa_mask[0]=11111111011111111101111111111110, sa_flags=SA_RESTART|SA_SIGINFO


---------------  S Y S T E M  ---------------

OS:DISTRIB_ID=Ubuntu
DISTRIB_RELEASE=14.04
DISTRIB_CODENAME=trusty
DISTRIB_DESCRIPTION="Ubuntu 14.04.5 LTS"

uname:Linux 4.4.0-72-generic #93~14.04.1-Ubuntu SMP Fri Mar 31 15:06:30 UTC 2017 i686
libc:glibc 2.19 NPTL 2.19 
rlimit: STACK 8192k, CORE 0k, NPROC 63824, NOFILE 4096, AS infinity
load average:15.41 5.99 3.41

/proc/meminfo:
MemTotal:        8203532 kB
MemFree:          502636 kB
MemAvailable:     104652 kB
Buffers:           18276 kB
Cached:          1355564 kB
SwapCached:            0 kB
Active:          6148872 kB
Inactive:        1273636 kB
Active(anon):    6121532 kB
Inactive(anon):  1191720 kB
Active(file):      27340 kB
Inactive(file):    81916 kB
Unevictable:         640 kB
Mlocked:             640 kB
HighTotal:       7387076 kB
HighFree:         174016 kB
LowTotal:         816456 kB
LowFree:          328620 kB
SwapTotal:             0 kB
SwapFree:              0 kB
Dirty:               228 kB
Writeback:             0 kB
AnonPages:       6049756 kB
Mapped:           481428 kB
Shmem:           1264140 kB
Slab:             153364 kB
SReclaimable:      69324 kB
SUnreclaim:        84040 kB
KernelStack:       12896 kB
PageTables:        56280 kB
NFS_Unstable:          0 kB
Bounce:              744 kB
WritebackTmp:          0 kB
CommitLimit:     4101764 kB
Committed_AS:   18166552 kB
VmallocTotal:     122880 kB
VmallocUsed:           0 kB
VmallocChunk:          0 kB
AnonHugePages:   2394112 kB
CmaTotal:              0 kB
CmaFree:               0 kB
HugePages_Total:       0
HugePages_Free:        0
HugePages_Rsvd:        0
HugePages_Surp:        0
Hugepagesize:       2048 kB
DirectMap4k:       32760 kB
DirectMap2M:      880640 kB


CPU:total 8 (4 cores per cpu, 2 threads per core) family 6 model 42 stepping 7, cmov, cx8, fxsr, mmx, sse, sse2, sse3, ssse3, sse4.1, sse4.2, popcnt, avx, aes, clmul, ht, tsc, tscinvbit

/proc/cpuinfo:
processor	: 0
vendor_id	: GenuineIntel
cpu family	: 6
model		: 42
model name	: Intel(R) Core(TM) i7-2675QM CPU @ 2.20GHz
stepping	: 7
microcode	: 0x25
cpu MHz		: 873.726
cache size	: 6144 KB
physical id	: 0
siblings	: 8
core id		: 0
cpu cores	: 4
apicid		: 0
initial apicid	: 0
fdiv_bug	: no
f00f_bug	: no
coma_bug	: no
fpu		: yes
fpu_exception	: yes
cpuid level	: 13
wp		: yes
flags		: fpu vme de pse tsc msr pae mce cx8 apic sep mtrr pge mca cmov pat pse36 clflush dts acpi mmx fxsr sse sse2 ss ht tm pbe nx rdtscp lm constant_tsc arch_perfmon pebs bts xtopology nonstop_tsc aperfmperf eagerfpu pni pclmulqdq dtes64 monitor ds_cpl vmx est tm2 ssse3 cx16 xtpr pdcm pcid sse4_1 sse4_2 x2apic popcnt tsc_deadline_timer aes xsave avx lahf_lm epb tpr_shadow vnmi flexpriority ept vpid xsaveopt dtherm ida arat pln pts
bugs		:
bogomips	: 4390.25
clflush size	: 64
cache_alignment	: 64
address sizes	: 36 bits physical, 48 bits virtual
power management:

processor	: 1
vendor_id	: GenuineIntel
cpu family	: 6
model		: 42
model name	: Intel(R) Core(TM) i7-2675QM CPU @ 2.20GHz
stepping	: 7
microcode	: 0x25
cpu MHz		: 2196.390
cache size	: 6144 KB
physical id	: 0
siblings	: 8
core id		: 0
cpu cores	: 4
apicid		: 1
initial apicid	: 1
fdiv_bug	: no
f00f_bug	: no
coma_bug	: no
fpu		: yes
fpu_exception	: yes
cpuid level	: 13
wp		: yes
flags		: fpu vme de pse tsc msr pae mce cx8 apic sep mtrr pge mca cmov pat pse36 clflush dts acpi mmx fxsr sse sse2 ss ht tm pbe nx rdtscp lm constant_tsc arch_perfmon pebs bts xtopology nonstop_tsc aperfmperf eagerfpu pni pclmulqdq dtes64 monitor ds_cpl vmx est tm2 ssse3 cx16 xtpr pdcm pcid sse4_1 sse4_2 x2apic popcnt tsc_deadline_timer aes xsave avx lahf_lm epb tpr_shadow vnmi flexpriority ept vpid xsaveopt dtherm ida arat pln pts
bugs		:
bogomips	: 4390.25
clflush size	: 64
cache_alignment	: 64
address sizes	: 36 bits physical, 48 bits virtual
power management:

processor	: 2
vendor_id	: GenuineIntel
cpu family	: 6
model		: 42
model name	: Intel(R) Core(TM) i7-2675QM CPU @ 2.20GHz
stepping	: 7
microcode	: 0x25
cpu MHz		: 832.734
cache size	: 6144 KB
physical id	: 0
siblings	: 8
core id		: 1
cpu cores	: 4
apicid		: 2
initial apicid	: 2
fdiv_bug	: no
f00f_bug	: no
coma_bug	: no
fpu		: yes
fpu_exception	: yes
cpuid level	: 13
wp		: yes
flags		: fpu vme de pse tsc msr pae mce cx8 apic sep mtrr pge mca cmov pat pse36 clflush dts acpi mmx fxsr sse sse2 ss ht tm pbe nx rdtscp lm constant_tsc arch_perfmon pebs bts xtopology nonstop_tsc aperfmperf eagerfpu pni pclmulqdq dtes64 monitor ds_cpl vmx est tm2 ssse3 cx16 xtpr pdcm pcid sse4_1 sse4_2 x2apic popcnt tsc_deadline_timer aes xsave avx lahf_lm epb tpr_shadow vnmi flexpriority ept vpid xsaveopt dtherm ida arat pln pts
bugs		:
bogomips	: 4390.25
clflush size	: 64
cache_alignment	: 64
address sizes	: 36 bits physical, 48 bits virtual
power management:

processor	: 3
vendor_id	: GenuineIntel
cpu family	: 6
model		: 42
model name	: Intel(R) Core(TM) i7-2675QM CPU @ 2.20GHz
stepping	: 7
microcode	: 0x25
cpu MHz		: 959.234
cache size	: 6144 KB
physical id	: 0
siblings	: 8
core id		: 1
cpu cores	: 4
apicid		: 3
initial apicid	: 3
fdiv_bug	: no
f00f_bug	: no
coma_bug	: no
fpu		: yes
fpu_exception	: yes
cpuid level	: 13
wp		: yes
flags		: fpu vme de pse tsc msr pae mce cx8 apic sep mtrr pge mca cmov pat pse36 clflush dts acpi mmx fxsr sse sse2 ss ht tm pbe nx rdtscp lm constant_tsc arch_perfmon pebs bts xtopology nonstop_tsc aperfmperf eagerfpu pni pclmulqdq dtes64 monitor ds_cpl vmx est tm2 ssse3 cx16 xtpr pdcm pcid sse4_1 sse4_2 x2apic popcnt tsc_deadline_timer aes xsave avx lahf_lm epb tpr_shadow vnmi flexpriority ept vpid xsaveopt dtherm ida arat pln pts
bugs		:
bogomips	: 4390.25
clflush size	: 64
cache_alignment	: 64
address sizes	: 36 bits physical, 48 bits virtual
power management:

processor	: 4
vendor_id	: GenuineIntel
cpu family	: 6
model		: 42
model name	: Intel(R) Core(TM) i7-2675QM CPU @ 2.20GHz
stepping	: 7
microcode	: 0x25
cpu MHz		: 846.226
cache size	: 6144 KB
physical id	: 0
siblings	: 8
core id		: 2
cpu cores	: 4
apicid		: 4
initial apicid	: 4
fdiv_bug	: no
f00f_bug	: no
coma_bug	: no
fpu		: yes
fpu_exception	: yes
cpuid level	: 13
wp		: yes
flags		: fpu vme de pse tsc msr pae mce cx8 apic sep mtrr pge mca cmov pat pse36 clflush dts acpi mmx fxsr sse sse2 ss ht tm pbe nx rdtscp lm constant_tsc arch_perfmon pebs bts xtopology nonstop_tsc aperfmperf eagerfpu pni pclmulqdq dtes64 monitor ds_cpl vmx est tm2 ssse3 cx16 xtpr pdcm pcid sse4_1 sse4_2 x2apic popcnt tsc_deadline_timer aes xsave avx lahf_lm epb tpr_shadow vnmi flexpriority ept vpid xsaveopt dtherm ida arat pln pts
bugs		:
bogomips	: 4390.25
clflush size	: 64
cache_alignment	: 64
address sizes	: 36 bits physical, 48 bits virtual
power management:

processor	: 5
vendor_id	: GenuineIntel
cpu family	: 6
model		: 42
model name	: Intel(R) Core(TM) i7-2675QM CPU @ 2.20GHz
stepping	: 7
microcode	: 0x25
cpu MHz		: 1187.140
cache size	: 6144 KB
physical id	: 0
siblings	: 8
core id		: 2
cpu cores	: 4
apicid		: 5
initial apicid	: 5
fdiv_bug	: no
f00f_bug	: no
coma_bug	: no
fpu		: yes
fpu_exception	: yes
cpuid level	: 13
wp		: yes
flags		: fpu vme de pse tsc msr pae mce cx8 apic sep mtrr pge mca cmov pat pse36 clflush dts acpi mmx fxsr sse sse2 ss ht tm pbe nx rdtscp lm constant_tsc arch_perfmon pebs bts xtopology nonstop_tsc aperfmperf eagerfpu pni pclmulqdq dtes64 monitor ds_cpl vmx est tm2 ssse3 cx16 xtpr pdcm pcid sse4_1 sse4_2 x2apic popcnt tsc_deadline_timer aes xsave avx lahf_lm epb tpr_shadow vnmi flexpriority ept vpid xsaveopt dtherm ida arat pln pts
bugs		:
bogomips	: 4390.25
clflush size	: 64
cache_alignment	: 64
address sizes	: 36 bits physical, 48 bits virtual
power management:

processor	: 6
vendor_id	: GenuineIntel
cpu family	: 6
model		: 42
model name	: Intel(R) Core(TM) i7-2675QM CPU @ 2.20GHz
stepping	: 7
microcode	: 0x25
cpu MHz		: 1593.882
cache size	: 6144 KB
physical id	: 0
siblings	: 8
core id		: 3
cpu cores	: 4
apicid		: 6
initial apicid	: 6
fdiv_bug	: no
f00f_bug	: no
coma_bug	: no
fpu		: yes
fpu_exception	: yes
cpuid level	: 13
wp		: yes
flags		: fpu vme de pse tsc msr pae mce cx8 apic sep mtrr pge mca cmov pat pse36 clflush dts acpi mmx fxsr sse sse2 ss ht tm pbe nx rdtscp lm constant_tsc arch_perfmon pebs bts xtopology nonstop_tsc aperfmperf eagerfpu pni pclmulqdq dtes64 monitor ds_cpl vmx est tm2 ssse3 cx16 xtpr pdcm pcid sse4_1 sse4_2 x2apic popcnt tsc_deadline_timer aes xsave avx lahf_lm epb tpr_shadow vnmi flexpriority ept vpid xsaveopt dtherm ida arat pln pts
bugs		:
bogomips	: 4390.25
clflush size	: 64
cache_alignment	: 64
address sizes	: 36 bits physical, 48 bits virtual
power management:

processor	: 7
vendor_id	: GenuineIntel
cpu family	: 6
model		: 42
model name	: Intel(R) Core(TM) i7-2675QM CPU @ 2.20GHz
stepping	: 7
microcode	: 0x25
cpu MHz		: 896.843
cache size	: 6144 KB
physical id	: 0
siblings	: 8
core id		: 3
cpu cores	: 4
apicid		: 7
initial apicid	: 7
fdiv_bug	: no
f00f_bug	: no
coma_bug	: no
fpu		: yes
fpu_exception	: yes
cpuid level	: 13
wp		: yes
flags		: fpu vme de pse tsc msr pae mce cx8 apic sep mtrr pge mca cmov pat pse36 clflush dts acpi mmx fxsr sse sse2 ss ht tm pbe nx rdtscp lm constant_tsc arch_perfmon pebs bts xtopology nonstop_tsc aperfmperf eagerfpu pni pclmulqdq dtes64 monitor ds_cpl vmx est tm2 ssse3 cx16 xtpr pdcm pcid sse4_1 sse4_2 x2apic popcnt tsc_deadline_timer aes xsave avx lahf_lm epb tpr_shadow vnmi flexpriority ept vpid xsaveopt dtherm ida arat pln pts
bugs		:
bogomips	: 4390.25
clflush size	: 64
cache_alignment	: 64
address sizes	: 36 bits physical, 48 bits virtual
power management:



Memory: 4k page, physical 8203532k(502636k free), swap 0k(0k free)

vm_info: OpenJDK Server VM (25.111-b14) for linux-x86 JRE (1.8.0_111-8u111-b14-3~14.04.1-b14), built on Nov  5 2016 13:17:27 by "buildd" with gcc 4.8.4

time: Thu Apr  6 17:19:26 2017
elapsed time: 27 seconds (0d 0h 0m 27s)

